# JRE version: Java(TM) SE Runtime Environment (9.0+11) (build 9.0.4+11)
# Java VM: Java HotSpot(TM) 64-Bit Server VM (9.0.4+11, mixed mode, tiered, compressed oops, g1 gc, windows-amd64)
Heap:
 garbage-first heap   total 254976K, used 123009K [0x0000000700000000, 0x00000007001007c8, 0x00000007c0000000)
  region size 1024K, 42 young (43008K), 1 survivors (1024K)
 Metaspace       used 88651K, capacity 90425K, committed 97096K, reserved 1132544K
  class space    used 11563K, capacity 11965K, committed 13384K, reserved 1048576K
GC Heap History (10 events):
Event: 17604.693 GC heap before
{Heap before GC invocations=1053 (full 114):
 garbage-first heap   total 254976K, used 142055K [0x0000000700000000, 0x00000007001007c8, 0x00000007c0000000)
  region size 1024K, 60 young (61440K), 1 survivors (1024K)
 Metaspace       used 88642K, capacity 90425K, committed 97096K, reserved 1132544K
  class space    used 11562K, capacity 11965K, committed 13384K, reserved 1048576K
}
Event: 17604.695 GC heap after
{Heap after GC invocations=1054 (full 114):
 garbage-first heap   total 254976K, used 81688K [0x0000000700000000, 0x00000007001007c8, 0x00000007c0000000)
  region size 1024K, 1 young (1024K), 1 survivors (1024K)
 Metaspace       used 88642K, capacity 90425K, committed 97096K, reserved 1132544K
  class space    used 11562K, capacity 11965K, committed 13384K, reserved 1048576K
}
Event: 17623.615 GC heap before
{Heap before GC invocations=1055 (full 114):
 garbage-first heap   total 254976K, used 142104K [0x0000000700000000, 0x00000007001007c8, 0x00000007c0000000)
  region size 1024K, 60 young (61440K), 1 survivors (1024K)
 Metaspace       used 88642K, capacity 90425K, committed 97096K, reserved 1132544K
  class space    used 11562K, capacity 11965K, committed 13384K, reserved 1048576K
}
Event: 17623.617 GC heap after
{Heap after GC invocations=1056 (full 114):
 garbage-first heap   total 254976K, used 82254K [0x0000000700000000, 0x00000007001007c8, 0x00000007c0000000)
  region size 1024K, 1 young (1024K), 1 survivors (1024K)
 Metaspace       used 88642K, capacity 90425K, committed 97096K, reserved 1132544K
  class space    used 11562K, capacity 11965K, committed 13384K, reserved 1048576K
}
Event: 17625.276 GC heap before
{Heap before GC invocations=1056 (full 114):
 garbage-first heap   total 254976K, used 142670K [0x0000000700000000, 0x00000007001007c8, 0x00000007c0000000)
  region size 1024K, 60 young (61440K), 1 survivors (1024K)
 Metaspace       used 88645K, capacity 90425K, committed 97096K, reserved 1132544K
  class space    used 11562K, capacity 11965K, committed 13384K, reserved 1048576K
}
Event: 17625.278 GC heap after
{Heap after GC invocations=1057 (full 114):
 garbage-first heap   total 254976K, used 81964K [0x0000000700000000, 0x00000007001007c8, 0x00000007c0000000)
  region size 1024K, 1 young (1024K), 1 survivors (1024K)
 Metaspace       used 88645K, capacity 90425K, committed 97096K, reserved 1132544K
  class space    used 11562K, capacity 11965K, committed 13384K, reserved 1048576K
}
Event: 17625.457 GC heap before
{Heap before GC invocations=1058 (full 114):
 garbage-first heap   total 254976K, used 142380K [0x0000000700000000, 0x00000007001007c8, 0x00000007c0000000)
  region size 1024K, 60 young (61440K), 1 survivors (1024K)
 Metaspace       used 88645K, capacity 90425K, committed 97096K, reserved 1132544K
  class space    used 11562K, capacity 11965K, committed 13384K, reserved 1048576K
}
Event: 17625.459 GC heap after
{Heap after GC invocations=1059 (full 114):
 garbage-first heap   total 254976K, used 82329K [0x0000000700000000, 0x00000007001007c8, 0x00000007c0000000)
  region size 1024K, 1 young (1024K), 1 survivors (1024K)
 Metaspace       used 88645K, capacity 90425K, committed 97096K, reserved 1132544K
  class space    used 11562K, capacity 11965K, committed 13384K, reserved 1048576K
}
Event: 17627.011 GC heap before
{Heap before GC invocations=1059 (full 114):
 garbage-first heap   total 254976K, used 142745K [0x0000000700000000, 0x00000007001007c8, 0x00000007c0000000)
  region size 1024K, 60 young (61440K), 1 survivors (1024K)
 Metaspace       used 88650K, capacity 90425K, committed 97096K, reserved 1132544K
  class space    used 11563K, capacity 11965K, committed 13384K, reserved 1048576K
}
Event: 17627.013 GC heap after
{Heap after GC invocations=1060 (full 114):
 garbage-first heap   total 254976K, used 82049K [0x0000000700000000, 0x00000007001007c8, 0x00000007c0000000)
  region size 1024K, 1 young (1024K), 1 survivors (1024K)
 Metaspace       used 88650K, capacity 90425K, committed 97096K, reserved 1132544K
  class space    used 11563K, capacity 11965K, committed 13384K, reserved 1048576K
}

